Determining if the pthread_create exist failed with the following output:
Change Dir: /home/rcsa-gs/my_ros_cpp_ws/build/mylocation_monitor/CMakeFiles/CMakeTmp

Run Build Command:"/usr/bin/make" "cmTC_45e4c/fast"
/usr/bin/make -f CMakeFiles/cmTC_45e4c.dir/build.make CMakeFiles/cmTC_45e4c.dir/build
make[1]: Entering directory '/home/rcsa-gs/my_ros_cpp_ws/build/mylocation_monitor/CMakeFiles/CMakeTmp'
Building C object CMakeFiles/cmTC_45e4c.dir/CheckSymbolExists.c.o
/usr/bin/cc     -o CMakeFiles/cmTC_45e4c.dir/CheckSymbolExists.c.o   -c /home/rcsa-gs/my_ros_cpp_ws/build/mylocation_monitor/CMakeFiles/CMakeTmp/CheckSymbolExists.c
Linking C executable cmTC_45e4c
/usr/bin/cmake -E cmake_link_script CMakeFiles/cmTC_45e4c.dir/link.txt --verbose=1
/usr/bin/cc       CMakeFiles/cmTC_45e4c.dir/CheckSymbolExists.c.o  -o cmTC_45e4c -rdynamic 
CMakeFiles/cmTC_45e4c.dir/CheckSymbolExists.c.o: In function `main':
CheckSymbolExists.c:(.text+0x16): undefined reference to `pthread_create'
collect2: error: ld returned 1 exit status
CMakeFiles/cmTC_45e4c.dir/build.make:97: recipe for target 'cmTC_45e4c' failed
make[1]: *** [cmTC_45e4c] Error 1
make[1]: Leaving directory '/home/rcsa-gs/my_ros_cpp_ws/build/mylocation_monitor/CMakeFiles/CMakeTmp'
Makefile:126: recipe for target 'cmTC_45e4c/fast' failed
make: *** [cmTC_45e4c/fast] Error 2

File /home/rcsa-gs/my_ros_cpp_ws/build/mylocation_monitor/CMakeFiles/CMakeTmp/CheckSymbolExists.c:
/* */
#include <pthread.h>

int main(int argc, char** argv)
{
  (void)argv;
#ifndef pthread_create
  return ((int*)(&pthread_create))[argc];
#else
  (void)argc;
  return 0;
#endif
}

Determining if the function pthread_create exists in the pthreads failed with the following output:
Change Dir: /home/rcsa-gs/my_ros_cpp_ws/build/mylocation_monitor/CMakeFiles/CMakeTmp

Run Build Command:"/usr/bin/make" "cmTC_b9e39/fast"
/usr/bin/make -f CMakeFiles/cmTC_b9e39.dir/build.make CMakeFiles/cmTC_b9e39.dir/build
make[1]: Entering directory '/home/rcsa-gs/my_ros_cpp_ws/build/mylocation_monitor/CMakeFiles/CMakeTmp'
Building C object CMakeFiles/cmTC_b9e39.dir/CheckFunctionExists.c.o
/usr/bin/cc    -DCHECK_FUNCTION_EXISTS=pthread_create   -o CMakeFiles/cmTC_b9e39.dir/CheckFunctionExists.c.o   -c /usr/share/cmake-3.5/Modules/CheckFunctionExists.c
Linking C executable cmTC_b9e39
/usr/bin/cmake -E cmake_link_script CMakeFiles/cmTC_b9e39.dir/link.txt --verbose=1
/usr/bin/cc   -DCHECK_FUNCTION_EXISTS=pthread_create    CMakeFiles/cmTC_b9e39.dir/CheckFunctionExists.c.o  -o cmTC_b9e39 -rdynamic -lpthreads 
/usr/bin/ld: cannot find -lpthreads
collect2: error: ld returned 1 exit status
CMakeFiles/cmTC_b9e39.dir/build.make:97: recipe for target 'cmTC_b9e39' failed
make[1]: *** [cmTC_b9e39] Error 1
make[1]: Leaving directory '/home/rcsa-gs/my_ros_cpp_ws/build/mylocation_monitor/CMakeFiles/CMakeTmp'
Makefile:126: recipe for target 'cmTC_b9e39/fast' failed
make: *** [cmTC_b9e39/fast] Error 2


